{"timestamp":"2026-06-28T11:10:54.488089Z","level":"info","event":"::group::Pre Execute","logger":"task","filename":"task_runner.py","lineno":1926}
{"timestamp":"2026-06-28T11:10:54.601588Z","level":"info","event":"DAG bundles loaded: dags-folder, example_dags","map_index":-1,"ti_id":"019f0dec-d2e9-7d97-afc3-d0b5201fc1eb","run_id":"scheduled__2026-06-28T02:00:00+00:00","try_number":1,"task_id":"extract_metadata","dag_id":"ecommerce_etl_pipeline","logger":"airflow.dag_processing.bundles.manager.DagBundlesManager","filename":"manager.py","lineno":209}
{"timestamp":"2026-06-28T11:10:54.601842Z","level":"info","event":"Filling up the DagBag from /opt/airflow/dags/etl_e_2547245.py","map_index":-1,"ti_id":"019f0dec-d2e9-7d97-afc3-d0b5201fc1eb","run_id":"scheduled__2026-06-28T02:00:00+00:00","try_number":1,"task_id":"extract_metadata","dag_id":"ecommerce_etl_pipeline","logger":"airflow.dag_processing.dagbag.BundleDagBag","filename":"dagbag.py","lineno":469}
{"timestamp":"2026-06-28T11:10:54.623507Z","level":"warning","event":"The `airflow.operators.python.PythonOperator` attribute is deprecated. Please use `'airflow.providers.standard.operators.python.PythonOperator'`.","category":"UserWarning","filename":"/opt/airflow/dags/etl_e_2547245.py","lineno":3,"map_index":-1,"ti_id":"019f0dec-d2e9-7d97-afc3-d0b5201fc1eb","run_id":"scheduled__2026-06-28T02:00:00+00:00","try_number":1,"task_id":"extract_metadata","dag_id":"ecommerce_etl_pipeline","logger":"py.warnings"}
{"timestamp":"2026-06-28T11:10:54.623560Z","level":"warning","event":"The `airflow.operators.python.BranchPythonOperator` attribute is deprecated. Please use `'airflow.providers.standard.operators.python.BranchPythonOperator'`.","category":"UserWarning","filename":"/opt/airflow/dags/etl_e_2547245.py","lineno":3,"map_index":-1,"ti_id":"019f0dec-d2e9-7d97-afc3-d0b5201fc1eb","run_id":"scheduled__2026-06-28T02:00:00+00:00","try_number":1,"task_id":"extract_metadata","dag_id":"ecommerce_etl_pipeline","logger":"py.warnings"}
{"timestamp":"2026-06-28T11:10:54.623603Z","level":"warning","event":"The `airflow.operators.empty.EmptyOperator` attribute is deprecated. Please use `'airflow.providers.standard.operators.empty.EmptyOperator'`.","category":"UserWarning","filename":"/opt/airflow/dags/etl_e_2547245.py","lineno":4,"map_index":-1,"ti_id":"019f0dec-d2e9-7d97-afc3-d0b5201fc1eb","run_id":"scheduled__2026-06-28T02:00:00+00:00","try_number":1,"task_id":"extract_metadata","dag_id":"ecommerce_etl_pipeline","logger":"py.warnings"}
{"timestamp":"2026-06-28T11:10:54.630870Z","level":"info","event":"Task instance is in running state","logger":"task.stdout"}
{"timestamp":"2026-06-28T11:10:54.630950Z","level":"info","event":" Previous state of the Task instance: TaskInstanceState.QUEUED","logger":"task.stdout"}
{"timestamp":"2026-06-28T11:10:54.631051Z","level":"info","event":"Current task name:extract_metadata","logger":"task.stdout"}
{"timestamp":"2026-06-28T11:10:54.631111Z","level":"info","event":"Dag name:ecommerce_etl_pipeline","logger":"task.stdout"}
{"timestamp":"2026-06-28T11:10:54.631004Z","level":"info","event":"::endgroup::","map_index":-1,"ti_id":"019f0dec-d2e9-7d97-afc3-d0b5201fc1eb","run_id":"scheduled__2026-06-28T02:00:00+00:00","try_number":1,"task_id":"extract_metadata","dag_id":"ecommerce_etl_pipeline","logger":"task","filename":"task_runner.py","lineno":1727}
{"timestamp":"2026-06-28T11:10:54.634175Z","level":"info","event":"Column count: 16","logger":"task.stdout"}
{"timestamp":"2026-06-28T11:10:54.634227Z","level":"info","event":"Total null values: 17","logger":"task.stdout"}
{"timestamp":"2026-06-28T11:10:54.634278Z","level":"info","event":"Columns: ['order_id', 'customer_id', 'customer_name', 'product_id', 'product_name', 'category', 'brand', 'quantity', 'unit_price', 'discount_pct', 'order_date', 'shipped_date', 'delivery_date', 'payment_mode', 'return_status', 'city']","logger":"task.stdout"}
{"timestamp":"2026-06-28T11:10:54.641825Z","level":"info","event":"Done. Returned value was: None","map_index":-1,"ti_id":"019f0dec-d2e9-7d97-afc3-d0b5201fc1eb","run_id":"scheduled__2026-06-28T02:00:00+00:00","try_number":1,"task_id":"extract_metadata","dag_id":"ecommerce_etl_pipeline","logger":"airflow.task.operators.airflow.providers.standard.operators.python.PythonOperator","filename":"python.py","lineno":233}
{"timestamp":"2026-06-28T11:10:54.641874Z","level":"info","event":"::group::Post Execute","map_index":-1,"ti_id":"019f0dec-d2e9-7d97-afc3-d0b5201fc1eb","run_id":"scheduled__2026-06-28T02:00:00+00:00","try_number":1,"task_id":"extract_metadata","dag_id":"ecommerce_etl_pipeline","logger":"task","filename":"task_runner.py","lineno":1288}
{"timestamp":"2026-06-28T11:10:54.646565Z","level":"info","event":"Task instance in success state","logger":"task.stdout"}
{"timestamp":"2026-06-28T11:10:54.646627Z","level":"info","event":" Previous state of the Task instance: TaskInstanceState.RUNNING","logger":"task.stdout"}
{"timestamp":"2026-06-28T11:10:54.646682Z","level":"info","event":"Task operator:<Task(PythonOperator): extract_metadata>","logger":"task.stdout"}
{"timestamp":"2026-06-28T11:10:54.646660Z","level":"info","event":"::endgroup::","map_index":-1,"ti_id":"019f0dec-d2e9-7d97-afc3-d0b5201fc1eb","run_id":"scheduled__2026-06-28T02:00:00+00:00","try_number":1,"task_id":"extract_metadata","dag_id":"ecommerce_etl_pipeline","logger":"task","filename":"task_runner.py","lineno":1896}
