{"timestamp":"2026-06-28T11:10:56.629004Z","level":"info","event":"::group::Pre Execute","logger":"task","filename":"task_runner.py","lineno":1926}
{"timestamp":"2026-06-28T11:10:56.742253Z","level":"info","event":"DAG bundles loaded: dags-folder, example_dags","dag_id":"ecommerce_etl_pipeline","task_id":"transform_data","ti_id":"019f0dec-d2ec-7f5f-a780-c6adb4449a24","map_index":-1,"run_id":"scheduled__2026-06-28T02:00:00+00:00","try_number":1,"logger":"airflow.dag_processing.bundles.manager.DagBundlesManager","filename":"manager.py","lineno":209}
{"timestamp":"2026-06-28T11:10:56.742506Z","level":"info","event":"Filling up the DagBag from /opt/airflow/dags/etl_e_2547245.py","dag_id":"ecommerce_etl_pipeline","task_id":"transform_data","ti_id":"019f0dec-d2ec-7f5f-a780-c6adb4449a24","map_index":-1,"run_id":"scheduled__2026-06-28T02:00:00+00:00","try_number":1,"logger":"airflow.dag_processing.dagbag.BundleDagBag","filename":"dagbag.py","lineno":469}
{"timestamp":"2026-06-28T11:10:56.762663Z","level":"warning","event":"The `airflow.operators.python.PythonOperator` attribute is deprecated. Please use `'airflow.providers.standard.operators.python.PythonOperator'`.","category":"UserWarning","filename":"/opt/airflow/dags/etl_e_2547245.py","lineno":3,"dag_id":"ecommerce_etl_pipeline","task_id":"transform_data","ti_id":"019f0dec-d2ec-7f5f-a780-c6adb4449a24","map_index":-1,"run_id":"scheduled__2026-06-28T02:00:00+00:00","try_number":1,"logger":"py.warnings"}
{"timestamp":"2026-06-28T11:10:56.762716Z","level":"warning","event":"The `airflow.operators.python.BranchPythonOperator` attribute is deprecated. Please use `'airflow.providers.standard.operators.python.BranchPythonOperator'`.","category":"UserWarning","filename":"/opt/airflow/dags/etl_e_2547245.py","lineno":3,"dag_id":"ecommerce_etl_pipeline","task_id":"transform_data","ti_id":"019f0dec-d2ec-7f5f-a780-c6adb4449a24","map_index":-1,"run_id":"scheduled__2026-06-28T02:00:00+00:00","try_number":1,"logger":"py.warnings"}
{"timestamp":"2026-06-28T11:10:56.762743Z","level":"warning","event":"The `airflow.operators.empty.EmptyOperator` attribute is deprecated. Please use `'airflow.providers.standard.operators.empty.EmptyOperator'`.","category":"UserWarning","filename":"/opt/airflow/dags/etl_e_2547245.py","lineno":4,"dag_id":"ecommerce_etl_pipeline","task_id":"transform_data","ti_id":"019f0dec-d2ec-7f5f-a780-c6adb4449a24","map_index":-1,"run_id":"scheduled__2026-06-28T02:00:00+00:00","try_number":1,"logger":"py.warnings"}
{"timestamp":"2026-06-28T11:10:56.769128Z","level":"info","event":"Task instance is in running state","logger":"task.stdout"}
{"timestamp":"2026-06-28T11:10:56.769205Z","level":"info","event":" Previous state of the Task instance: TaskInstanceState.QUEUED","logger":"task.stdout"}
{"timestamp":"2026-06-28T11:10:56.769293Z","level":"info","event":"Current task name:transform_data","logger":"task.stdout"}
{"timestamp":"2026-06-28T11:10:56.769348Z","level":"info","event":"Dag name:ecommerce_etl_pipeline","logger":"task.stdout"}
{"timestamp":"2026-06-28T11:10:56.769245Z","level":"info","event":"::endgroup::","dag_id":"ecommerce_etl_pipeline","task_id":"transform_data","ti_id":"019f0dec-d2ec-7f5f-a780-c6adb4449a24","map_index":-1,"run_id":"scheduled__2026-06-28T02:00:00+00:00","try_number":1,"logger":"task","filename":"task_runner.py","lineno":1727}
{"timestamp":"2026-06-28T11:10:56.773900Z","level":"info","event":"Shifted rows repaired: 4","logger":"task.stdout"}
{"timestamp":"2026-06-28T11:10:56.777206Z","level":"warning","event":"Parsing dates in %Y-%m-%d format when dayfirst=True was specified. Pass `dayfirst=False` or specify a format to silence this warning.","category":"UserWarning","filename":"/opt/airflow/dags/etl_e_2547245.py","lineno":163,"dag_id":"ecommerce_etl_pipeline","task_id":"transform_data","ti_id":"019f0dec-d2ec-7f5f-a780-c6adb4449a24","map_index":-1,"run_id":"scheduled__2026-06-28T02:00:00+00:00","try_number":1,"logger":"py.warnings"}
{"timestamp":"2026-06-28T11:10:56.777514Z","level":"warning","event":"Parsing dates in %Y-%m-%d format when dayfirst=True was specified. Pass `dayfirst=False` or specify a format to silence this warning.","category":"UserWarning","filename":"/opt/airflow/dags/etl_e_2547245.py","lineno":164,"dag_id":"ecommerce_etl_pipeline","task_id":"transform_data","ti_id":"019f0dec-d2ec-7f5f-a780-c6adb4449a24","map_index":-1,"run_id":"scheduled__2026-06-28T02:00:00+00:00","try_number":1,"logger":"py.warnings"}
{"timestamp":"2026-06-28T11:10:56.777762Z","level":"warning","event":"Parsing dates in %Y-%m-%d format when dayfirst=True was specified. Pass `dayfirst=False` or specify a format to silence this warning.","category":"UserWarning","filename":"/opt/airflow/dags/etl_e_2547245.py","lineno":165,"dag_id":"ecommerce_etl_pipeline","task_id":"transform_data","ti_id":"019f0dec-d2ec-7f5f-a780-c6adb4449a24","map_index":-1,"run_id":"scheduled__2026-06-28T02:00:00+00:00","try_number":1,"logger":"py.warnings"}
{"timestamp":"2026-06-28T11:10:56.779146Z","level":"info","event":"Cleaned rows: 22","logger":"task.stdout"}
{"timestamp":"2026-06-28T11:10:56.781508Z","level":"info","event":"Saved cleaned CSV to /opt/airflow/dags/cleaned_ecommerce.csv","logger":"task.stdout"}
{"timestamp":"2026-06-28T11:10:56.785833Z","level":"info","event":"Done. Returned value was: None","dag_id":"ecommerce_etl_pipeline","task_id":"transform_data","ti_id":"019f0dec-d2ec-7f5f-a780-c6adb4449a24","map_index":-1,"run_id":"scheduled__2026-06-28T02:00:00+00:00","try_number":1,"logger":"airflow.task.operators.airflow.providers.standard.operators.python.PythonOperator","filename":"python.py","lineno":233}
{"timestamp":"2026-06-28T11:10:56.785881Z","level":"info","event":"::group::Post Execute","dag_id":"ecommerce_etl_pipeline","task_id":"transform_data","ti_id":"019f0dec-d2ec-7f5f-a780-c6adb4449a24","map_index":-1,"run_id":"scheduled__2026-06-28T02:00:00+00:00","try_number":1,"logger":"task","filename":"task_runner.py","lineno":1288}
{"timestamp":"2026-06-28T11:10:56.792637Z","level":"info","event":"Task instance in success state","logger":"task.stdout"}
{"timestamp":"2026-06-28T11:10:56.792701Z","level":"info","event":" Previous state of the Task instance: TaskInstanceState.RUNNING","logger":"task.stdout"}
{"timestamp":"2026-06-28T11:10:56.792768Z","level":"info","event":"Task operator:<Task(PythonOperator): transform_data>","logger":"task.stdout"}
{"timestamp":"2026-06-28T11:10:56.792771Z","level":"info","event":"::endgroup::","dag_id":"ecommerce_etl_pipeline","task_id":"transform_data","ti_id":"019f0dec-d2ec-7f5f-a780-c6adb4449a24","map_index":-1,"run_id":"scheduled__2026-06-28T02:00:00+00:00","try_number":1,"logger":"task","filename":"task_runner.py","lineno":1896}
