{"timestamp":"2026-06-28T11:15:37.682460Z","level":"info","event":"::group::Pre Execute","logger":"task","filename":"task_runner.py","lineno":1926}
{"timestamp":"2026-06-28T11:15:37.800206Z","level":"info","event":"DAG bundles loaded: dags-folder, example_dags","task_id":"extract_metadata","run_id":"manual__2026-06-28T11:15:36.462673+00:00","map_index":-1,"try_number":1,"ti_id":"019f0df1-29a7-71c1-a713-79c91e0817ef","dag_id":"ecommerce_etl_pipeline","logger":"airflow.dag_processing.bundles.manager.DagBundlesManager","filename":"manager.py","lineno":209}
{"timestamp":"2026-06-28T11:15:37.800461Z","level":"info","event":"Filling up the DagBag from /opt/airflow/dags/etl_e_2547245.py","task_id":"extract_metadata","run_id":"manual__2026-06-28T11:15:36.462673+00:00","map_index":-1,"try_number":1,"ti_id":"019f0df1-29a7-71c1-a713-79c91e0817ef","dag_id":"ecommerce_etl_pipeline","logger":"airflow.dag_processing.dagbag.BundleDagBag","filename":"dagbag.py","lineno":469}
{"timestamp":"2026-06-28T11:15:37.821056Z","level":"warning","event":"The `airflow.operators.python.PythonOperator` attribute is deprecated. Please use `'airflow.providers.standard.operators.python.PythonOperator'`.","category":"UserWarning","filename":"/opt/airflow/dags/etl_e_2547245.py","lineno":3,"task_id":"extract_metadata","run_id":"manual__2026-06-28T11:15:36.462673+00:00","map_index":-1,"try_number":1,"ti_id":"019f0df1-29a7-71c1-a713-79c91e0817ef","dag_id":"ecommerce_etl_pipeline","logger":"py.warnings"}
{"timestamp":"2026-06-28T11:15:37.821111Z","level":"warning","event":"The `airflow.operators.python.BranchPythonOperator` attribute is deprecated. Please use `'airflow.providers.standard.operators.python.BranchPythonOperator'`.","category":"UserWarning","filename":"/opt/airflow/dags/etl_e_2547245.py","lineno":3,"task_id":"extract_metadata","run_id":"manual__2026-06-28T11:15:36.462673+00:00","map_index":-1,"try_number":1,"ti_id":"019f0df1-29a7-71c1-a713-79c91e0817ef","dag_id":"ecommerce_etl_pipeline","logger":"py.warnings"}
{"timestamp":"2026-06-28T11:15:37.821140Z","level":"warning","event":"The `airflow.operators.empty.EmptyOperator` attribute is deprecated. Please use `'airflow.providers.standard.operators.empty.EmptyOperator'`.","category":"UserWarning","filename":"/opt/airflow/dags/etl_e_2547245.py","lineno":4,"task_id":"extract_metadata","run_id":"manual__2026-06-28T11:15:36.462673+00:00","map_index":-1,"try_number":1,"ti_id":"019f0df1-29a7-71c1-a713-79c91e0817ef","dag_id":"ecommerce_etl_pipeline","logger":"py.warnings"}
{"timestamp":"2026-06-28T11:15:37.827426Z","level":"info","event":"Task instance is in running state","logger":"task.stdout"}
{"timestamp":"2026-06-28T11:15:37.827500Z","level":"info","event":" Previous state of the Task instance: TaskInstanceState.QUEUED","logger":"task.stdout"}
{"timestamp":"2026-06-28T11:15:37.827553Z","level":"info","event":"Current task name:extract_metadata","logger":"task.stdout"}
{"timestamp":"2026-06-28T11:15:37.827597Z","level":"info","event":"Dag name:ecommerce_etl_pipeline","logger":"task.stdout"}
{"timestamp":"2026-06-28T11:15:37.827541Z","level":"info","event":"::endgroup::","task_id":"extract_metadata","run_id":"manual__2026-06-28T11:15:36.462673+00:00","map_index":-1,"try_number":1,"ti_id":"019f0df1-29a7-71c1-a713-79c91e0817ef","dag_id":"ecommerce_etl_pipeline","logger":"task","filename":"task_runner.py","lineno":1727}
{"timestamp":"2026-06-28T11:15:37.830920Z","level":"info","event":"Column count: 16","logger":"task.stdout"}
{"timestamp":"2026-06-28T11:15:37.830977Z","level":"info","event":"Total null values: 17","logger":"task.stdout"}
{"timestamp":"2026-06-28T11:15:37.831012Z","level":"info","event":"Columns: ['order_id', 'customer_id', 'customer_name', 'product_id', 'product_name', 'category', 'brand', 'quantity', 'unit_price', 'discount_pct', 'order_date', 'shipped_date', 'delivery_date', 'payment_mode', 'return_status', 'city']","logger":"task.stdout"}
{"timestamp":"2026-06-28T11:15:37.837959Z","level":"info","event":"Done. Returned value was: None","task_id":"extract_metadata","run_id":"manual__2026-06-28T11:15:36.462673+00:00","map_index":-1,"try_number":1,"ti_id":"019f0df1-29a7-71c1-a713-79c91e0817ef","dag_id":"ecommerce_etl_pipeline","logger":"airflow.task.operators.airflow.providers.standard.operators.python.PythonOperator","filename":"python.py","lineno":233}
{"timestamp":"2026-06-28T11:15:37.838006Z","level":"info","event":"::group::Post Execute","task_id":"extract_metadata","run_id":"manual__2026-06-28T11:15:36.462673+00:00","map_index":-1,"try_number":1,"ti_id":"019f0df1-29a7-71c1-a713-79c91e0817ef","dag_id":"ecommerce_etl_pipeline","logger":"task","filename":"task_runner.py","lineno":1288}
{"timestamp":"2026-06-28T11:15:37.842589Z","level":"info","event":"Task instance in success state","logger":"task.stdout"}
{"timestamp":"2026-06-28T11:15:37.842641Z","level":"info","event":" Previous state of the Task instance: TaskInstanceState.RUNNING","logger":"task.stdout"}
{"timestamp":"2026-06-28T11:15:37.842688Z","level":"info","event":"Task operator:<Task(PythonOperator): extract_metadata>","logger":"task.stdout"}
{"timestamp":"2026-06-28T11:15:37.842690Z","level":"info","event":"::endgroup::","task_id":"extract_metadata","run_id":"manual__2026-06-28T11:15:36.462673+00:00","map_index":-1,"try_number":1,"ti_id":"019f0df1-29a7-71c1-a713-79c91e0817ef","dag_id":"ecommerce_etl_pipeline","logger":"task","filename":"task_runner.py","lineno":1896}
