{"timestamp":"2026-06-28T11:38:15.577007Z","level":"info","event":"::group::Pre Execute","logger":"task","filename":"task_runner.py","lineno":1926}
{"timestamp":"2026-06-28T11:38:15.691698Z","level":"info","event":"DAG bundles loaded: dags-folder, example_dags","map_index":-1,"try_number":1,"dag_id":"ecommerce_etl_pipeline","task_id":"transform_data","ti_id":"019f0e05-d872-715d-8ded-9ecfd3f920e5","run_id":"manual__2026-06-28T11:38:11.927158+00:00","logger":"airflow.dag_processing.bundles.manager.DagBundlesManager","filename":"manager.py","lineno":209}
{"timestamp":"2026-06-28T11:38:15.691942Z","level":"info","event":"Filling up the DagBag from /opt/airflow/dags/etl_e_2547245.py","map_index":-1,"try_number":1,"dag_id":"ecommerce_etl_pipeline","task_id":"transform_data","ti_id":"019f0e05-d872-715d-8ded-9ecfd3f920e5","run_id":"manual__2026-06-28T11:38:11.927158+00:00","logger":"airflow.dag_processing.dagbag.BundleDagBag","filename":"dagbag.py","lineno":469}
{"timestamp":"2026-06-28T11:38:15.713862Z","level":"warning","event":"The `airflow.operators.python.PythonOperator` attribute is deprecated. Please use `'airflow.providers.standard.operators.python.PythonOperator'`.","category":"UserWarning","filename":"/opt/airflow/dags/etl_e_2547245.py","lineno":3,"map_index":-1,"try_number":1,"dag_id":"ecommerce_etl_pipeline","task_id":"transform_data","ti_id":"019f0e05-d872-715d-8ded-9ecfd3f920e5","run_id":"manual__2026-06-28T11:38:11.927158+00:00","logger":"py.warnings"}
{"timestamp":"2026-06-28T11:38:15.713925Z","level":"warning","event":"The `airflow.operators.python.BranchPythonOperator` attribute is deprecated. Please use `'airflow.providers.standard.operators.python.BranchPythonOperator'`.","category":"UserWarning","filename":"/opt/airflow/dags/etl_e_2547245.py","lineno":3,"map_index":-1,"try_number":1,"dag_id":"ecommerce_etl_pipeline","task_id":"transform_data","ti_id":"019f0e05-d872-715d-8ded-9ecfd3f920e5","run_id":"manual__2026-06-28T11:38:11.927158+00:00","logger":"py.warnings"}
{"timestamp":"2026-06-28T11:38:15.713963Z","level":"warning","event":"The `airflow.operators.empty.EmptyOperator` attribute is deprecated. Please use `'airflow.providers.standard.operators.empty.EmptyOperator'`.","category":"UserWarning","filename":"/opt/airflow/dags/etl_e_2547245.py","lineno":4,"map_index":-1,"try_number":1,"dag_id":"ecommerce_etl_pipeline","task_id":"transform_data","ti_id":"019f0e05-d872-715d-8ded-9ecfd3f920e5","run_id":"manual__2026-06-28T11:38:11.927158+00:00","logger":"py.warnings"}
{"timestamp":"2026-06-28T11:38:15.721835Z","level":"info","event":"Task instance is in running state","logger":"task.stdout"}
{"timestamp":"2026-06-28T11:38:15.721928Z","level":"info","event":" Previous state of the Task instance: TaskInstanceState.QUEUED","logger":"task.stdout"}
{"timestamp":"2026-06-28T11:38:15.722044Z","level":"info","event":"Current task name:transform_data","logger":"task.stdout"}
{"timestamp":"2026-06-28T11:38:15.722116Z","level":"info","event":"Dag name:ecommerce_etl_pipeline","logger":"task.stdout"}
{"timestamp":"2026-06-28T11:38:15.721962Z","level":"info","event":"::endgroup::","map_index":-1,"try_number":1,"dag_id":"ecommerce_etl_pipeline","task_id":"transform_data","ti_id":"019f0e05-d872-715d-8ded-9ecfd3f920e5","run_id":"manual__2026-06-28T11:38:11.927158+00:00","logger":"task","filename":"task_runner.py","lineno":1727}
{"timestamp":"2026-06-28T11:38:15.727794Z","level":"info","event":"Shifted rows repaired: 4","logger":"task.stdout"}
{"timestamp":"2026-06-28T11:38:15.730700Z","level":"warning","event":"Parsing dates in %Y-%m-%d format when dayfirst=True was specified. Pass `dayfirst=False` or specify a format to silence this warning.","category":"UserWarning","filename":"/opt/airflow/dags/etl_e_2547245.py","lineno":163,"map_index":-1,"try_number":1,"dag_id":"ecommerce_etl_pipeline","task_id":"transform_data","ti_id":"019f0e05-d872-715d-8ded-9ecfd3f920e5","run_id":"manual__2026-06-28T11:38:11.927158+00:00","logger":"py.warnings"}
{"timestamp":"2026-06-28T11:38:15.731027Z","level":"warning","event":"Parsing dates in %Y-%m-%d format when dayfirst=True was specified. Pass `dayfirst=False` or specify a format to silence this warning.","category":"UserWarning","filename":"/opt/airflow/dags/etl_e_2547245.py","lineno":164,"map_index":-1,"try_number":1,"dag_id":"ecommerce_etl_pipeline","task_id":"transform_data","ti_id":"019f0e05-d872-715d-8ded-9ecfd3f920e5","run_id":"manual__2026-06-28T11:38:11.927158+00:00","logger":"py.warnings"}
{"timestamp":"2026-06-28T11:38:15.731286Z","level":"warning","event":"Parsing dates in %Y-%m-%d format when dayfirst=True was specified. Pass `dayfirst=False` or specify a format to silence this warning.","category":"UserWarning","filename":"/opt/airflow/dags/etl_e_2547245.py","lineno":165,"map_index":-1,"try_number":1,"dag_id":"ecommerce_etl_pipeline","task_id":"transform_data","ti_id":"019f0e05-d872-715d-8ded-9ecfd3f920e5","run_id":"manual__2026-06-28T11:38:11.927158+00:00","logger":"py.warnings"}
{"timestamp":"2026-06-28T11:38:15.732296Z","level":"info","event":"Cleaned rows: 22","logger":"task.stdout"}
{"timestamp":"2026-06-28T11:38:15.733360Z","level":"info","event":"Saved cleaned CSV to /opt/airflow/dags/cleaned_ecommerce.csv","logger":"task.stdout"}
{"timestamp":"2026-06-28T11:38:15.737825Z","level":"info","event":"Done. Returned value was: None","map_index":-1,"try_number":1,"dag_id":"ecommerce_etl_pipeline","task_id":"transform_data","ti_id":"019f0e05-d872-715d-8ded-9ecfd3f920e5","run_id":"manual__2026-06-28T11:38:11.927158+00:00","logger":"airflow.task.operators.airflow.providers.standard.operators.python.PythonOperator","filename":"python.py","lineno":233}
{"timestamp":"2026-06-28T11:38:15.737883Z","level":"info","event":"::group::Post Execute","map_index":-1,"try_number":1,"dag_id":"ecommerce_etl_pipeline","task_id":"transform_data","ti_id":"019f0e05-d872-715d-8ded-9ecfd3f920e5","run_id":"manual__2026-06-28T11:38:11.927158+00:00","logger":"task","filename":"task_runner.py","lineno":1288}
{"timestamp":"2026-06-28T11:38:15.742263Z","level":"info","event":"Task instance in success state","logger":"task.stdout"}
{"timestamp":"2026-06-28T11:38:15.742321Z","level":"info","event":" Previous state of the Task instance: TaskInstanceState.RUNNING","logger":"task.stdout"}
{"timestamp":"2026-06-28T11:38:15.742392Z","level":"info","event":"Task operator:<Task(PythonOperator): transform_data>","logger":"task.stdout"}
{"timestamp":"2026-06-28T11:38:15.742397Z","level":"info","event":"::endgroup::","map_index":-1,"try_number":1,"dag_id":"ecommerce_etl_pipeline","task_id":"transform_data","ti_id":"019f0e05-d872-715d-8ded-9ecfd3f920e5","run_id":"manual__2026-06-28T11:38:11.927158+00:00","logger":"task","filename":"task_runner.py","lineno":1896}
