{"timestamp":"2026-06-28T11:38:16.673091Z","level":"info","event":"::group::Pre Execute","logger":"task","filename":"task_runner.py","lineno":1926}
{"timestamp":"2026-06-28T11:38:16.790749Z","level":"info","event":"DAG bundles loaded: dags-folder, example_dags","task_id":"load_to_mysql","run_id":"manual__2026-06-28T11:38:11.927158+00:00","map_index":-1,"try_number":1,"ti_id":"019f0e05-d873-7d7a-90c7-2fd672795425","dag_id":"ecommerce_etl_pipeline","logger":"airflow.dag_processing.bundles.manager.DagBundlesManager","filename":"manager.py","lineno":209}
{"timestamp":"2026-06-28T11:38:16.791003Z","level":"info","event":"Filling up the DagBag from /opt/airflow/dags/etl_e_2547245.py","task_id":"load_to_mysql","run_id":"manual__2026-06-28T11:38:11.927158+00:00","map_index":-1,"try_number":1,"ti_id":"019f0e05-d873-7d7a-90c7-2fd672795425","dag_id":"ecommerce_etl_pipeline","logger":"airflow.dag_processing.dagbag.BundleDagBag","filename":"dagbag.py","lineno":469}
{"timestamp":"2026-06-28T11:38:16.812886Z","level":"warning","event":"The `airflow.operators.python.PythonOperator` attribute is deprecated. Please use `'airflow.providers.standard.operators.python.PythonOperator'`.","category":"UserWarning","filename":"/opt/airflow/dags/etl_e_2547245.py","lineno":3,"task_id":"load_to_mysql","run_id":"manual__2026-06-28T11:38:11.927158+00:00","map_index":-1,"try_number":1,"ti_id":"019f0e05-d873-7d7a-90c7-2fd672795425","dag_id":"ecommerce_etl_pipeline","logger":"py.warnings"}
{"timestamp":"2026-06-28T11:38:16.812951Z","level":"warning","event":"The `airflow.operators.python.BranchPythonOperator` attribute is deprecated. Please use `'airflow.providers.standard.operators.python.BranchPythonOperator'`.","category":"UserWarning","filename":"/opt/airflow/dags/etl_e_2547245.py","lineno":3,"task_id":"load_to_mysql","run_id":"manual__2026-06-28T11:38:11.927158+00:00","map_index":-1,"try_number":1,"ti_id":"019f0e05-d873-7d7a-90c7-2fd672795425","dag_id":"ecommerce_etl_pipeline","logger":"py.warnings"}
{"timestamp":"2026-06-28T11:38:16.812990Z","level":"warning","event":"The `airflow.operators.empty.EmptyOperator` attribute is deprecated. Please use `'airflow.providers.standard.operators.empty.EmptyOperator'`.","category":"UserWarning","filename":"/opt/airflow/dags/etl_e_2547245.py","lineno":4,"task_id":"load_to_mysql","run_id":"manual__2026-06-28T11:38:11.927158+00:00","map_index":-1,"try_number":1,"ti_id":"019f0e05-d873-7d7a-90c7-2fd672795425","dag_id":"ecommerce_etl_pipeline","logger":"py.warnings"}
{"timestamp":"2026-06-28T11:38:16.819753Z","level":"info","event":"Task instance is in running state","logger":"task.stdout"}
{"timestamp":"2026-06-28T11:38:16.819835Z","level":"info","event":" Previous state of the Task instance: TaskInstanceState.QUEUED","logger":"task.stdout"}
{"timestamp":"2026-06-28T11:38:16.819935Z","level":"info","event":"Current task name:load_to_mysql","logger":"task.stdout"}
{"timestamp":"2026-06-28T11:38:16.820011Z","level":"info","event":"Dag name:ecommerce_etl_pipeline","logger":"task.stdout"}
{"timestamp":"2026-06-28T11:38:16.819862Z","level":"info","event":"::endgroup::","task_id":"load_to_mysql","run_id":"manual__2026-06-28T11:38:11.927158+00:00","map_index":-1,"try_number":1,"ti_id":"019f0e05-d873-7d7a-90c7-2fd672795425","dag_id":"ecommerce_etl_pipeline","logger":"task","filename":"task_runner.py","lineno":1727}
{"timestamp":"2026-06-28T11:38:16.850425Z","level":"info","event":"Skipping shifted row (bad discount): ('EC003', 'TEST01', 'P103', \"Levi's Jeans 511\", 'Clothing', \"Levi's\", '1', 3499.0, 15, '2024-01-16', '2024-01-18', '2024-01-20', 'COD', 'Returned', 'Bengaluru', None)","logger":"task.stdout"}
{"timestamp":"2026-06-28T11:38:16.850555Z","level":"info","event":"Skipping shifted row (bad discount): ('EC004', 'C003', None, 'Boat Airdopes 141', 'Electronics', 'Boat', '3', 1299.0, 0, '2024-01-16', '2024-01-17', '2024-01-19', 'UPI', 'No Return', 'Chennai', None)","logger":"task.stdout"}
{"timestamp":"2026-06-28T11:38:16.854048Z","level":"info","event":"Skipping shifted row (bad discount): ('EC012', 'TEST02', 'P110', 'Puma T-Shirt', 'Clothing', 'Puma', '3', 1299.0, 20, '2024-01-20', '2024-01-21', '2024-01-23', 'UPI', 'No Return', 'Pune', None)","logger":"task.stdout"}
{"timestamp":"2026-06-28T11:38:16.854748Z","level":"info","event":"Skipping shifted row (bad discount): ('EC016', None, 'P104', 'HP Laptop 15s', 'Electronics', 'HP', '1', 45999.0, 8, '2024-01-22', '2024-01-24', '2024-01-26', 'Card', 'No Return', 'Chennai', None)","logger":"task.stdout"}
{"timestamp":"2026-06-28T11:38:16.855588Z","level":"info","event":"Skipping shifted row (bad discount): ('EC020', 'TEST03', 'P108', 'Kindle Paperwhite', 'Electronics', 'Amazon', '2', 9999.0, 0, '2024-01-24', '2024-01-25', '2024-01-27', 'UPI', 'No Return', 'Delhi', None)","logger":"task.stdout"}
{"timestamp":"2026-06-28T11:38:16.858455Z","level":"info","event":"Raw data loaded","logger":"task.stdout"}
{"timestamp":"2026-06-28T11:38:16.868974Z","level":"info","event":"Staging data loaded","logger":"task.stdout"}
{"timestamp":"2026-06-28T11:38:16.884284Z","level":"info","event":"Reporting tables loaded successfully","logger":"task.stdout"}
{"timestamp":"2026-06-28T11:38:16.884059Z","level":"info","event":"Done. Returned value was: None","task_id":"load_to_mysql","run_id":"manual__2026-06-28T11:38:11.927158+00:00","map_index":-1,"try_number":1,"ti_id":"019f0e05-d873-7d7a-90c7-2fd672795425","dag_id":"ecommerce_etl_pipeline","logger":"airflow.task.operators.airflow.providers.standard.operators.python.PythonOperator","filename":"python.py","lineno":233}
{"timestamp":"2026-06-28T11:38:16.884117Z","level":"info","event":"::group::Post Execute","task_id":"load_to_mysql","run_id":"manual__2026-06-28T11:38:11.927158+00:00","map_index":-1,"try_number":1,"ti_id":"019f0e05-d873-7d7a-90c7-2fd672795425","dag_id":"ecommerce_etl_pipeline","logger":"task","filename":"task_runner.py","lineno":1288}
{"timestamp":"2026-06-28T11:38:16.890273Z","level":"info","event":"Task instance in success state","logger":"task.stdout"}
{"timestamp":"2026-06-28T11:38:16.890355Z","level":"info","event":" Previous state of the Task instance: TaskInstanceState.RUNNING","logger":"task.stdout"}
{"timestamp":"2026-06-28T11:38:16.890586Z","level":"info","event":"Task operator:<Task(PythonOperator): load_to_mysql>","logger":"task.stdout"}
{"timestamp":"2026-06-28T11:38:16.890579Z","level":"info","event":"::endgroup::","task_id":"load_to_mysql","run_id":"manual__2026-06-28T11:38:11.927158+00:00","map_index":-1,"try_number":1,"ti_id":"019f0e05-d873-7d7a-90c7-2fd672795425","dag_id":"ecommerce_etl_pipeline","logger":"task","filename":"task_runner.py","lineno":1896}
