{"timestamp":"2026-06-28T11:15:39.873122Z","level":"info","event":"::group::Pre Execute","logger":"task","filename":"task_runner.py","lineno":1926}
{"timestamp":"2026-06-28T11:15:39.995485Z","level":"info","event":"DAG bundles loaded: dags-folder, example_dags","task_id":"transform_data","run_id":"manual__2026-06-28T11:15:36.462673+00:00","map_index":-1,"try_number":1,"ti_id":"019f0df1-29aa-7200-989c-de456554e23e","dag_id":"ecommerce_etl_pipeline","logger":"airflow.dag_processing.bundles.manager.DagBundlesManager","filename":"manager.py","lineno":209}
{"timestamp":"2026-06-28T11:15:39.995757Z","level":"info","event":"Filling up the DagBag from /opt/airflow/dags/etl_e_2547245.py","task_id":"transform_data","run_id":"manual__2026-06-28T11:15:36.462673+00:00","map_index":-1,"try_number":1,"ti_id":"019f0df1-29aa-7200-989c-de456554e23e","dag_id":"ecommerce_etl_pipeline","logger":"airflow.dag_processing.dagbag.BundleDagBag","filename":"dagbag.py","lineno":469}
{"timestamp":"2026-06-28T11:15:40.016687Z","level":"warning","event":"The `airflow.operators.python.PythonOperator` attribute is deprecated. Please use `'airflow.providers.standard.operators.python.PythonOperator'`.","category":"UserWarning","filename":"/opt/airflow/dags/etl_e_2547245.py","lineno":3,"task_id":"transform_data","run_id":"manual__2026-06-28T11:15:36.462673+00:00","map_index":-1,"try_number":1,"ti_id":"019f0df1-29aa-7200-989c-de456554e23e","dag_id":"ecommerce_etl_pipeline","logger":"py.warnings"}
{"timestamp":"2026-06-28T11:15:40.016753Z","level":"warning","event":"The `airflow.operators.python.BranchPythonOperator` attribute is deprecated. Please use `'airflow.providers.standard.operators.python.BranchPythonOperator'`.","category":"UserWarning","filename":"/opt/airflow/dags/etl_e_2547245.py","lineno":3,"task_id":"transform_data","run_id":"manual__2026-06-28T11:15:36.462673+00:00","map_index":-1,"try_number":1,"ti_id":"019f0df1-29aa-7200-989c-de456554e23e","dag_id":"ecommerce_etl_pipeline","logger":"py.warnings"}
{"timestamp":"2026-06-28T11:15:40.016784Z","level":"warning","event":"The `airflow.operators.empty.EmptyOperator` attribute is deprecated. Please use `'airflow.providers.standard.operators.empty.EmptyOperator'`.","category":"UserWarning","filename":"/opt/airflow/dags/etl_e_2547245.py","lineno":4,"task_id":"transform_data","run_id":"manual__2026-06-28T11:15:36.462673+00:00","map_index":-1,"try_number":1,"ti_id":"019f0df1-29aa-7200-989c-de456554e23e","dag_id":"ecommerce_etl_pipeline","logger":"py.warnings"}
{"timestamp":"2026-06-28T11:15:40.023276Z","level":"info","event":"Task instance is in running state","logger":"task.stdout"}
{"timestamp":"2026-06-28T11:15:40.023356Z","level":"info","event":" Previous state of the Task instance: TaskInstanceState.QUEUED","logger":"task.stdout"}
{"timestamp":"2026-06-28T11:15:40.023447Z","level":"info","event":"Current task name:transform_data","logger":"task.stdout"}
{"timestamp":"2026-06-28T11:15:40.023508Z","level":"info","event":"Dag name:ecommerce_etl_pipeline","logger":"task.stdout"}
{"timestamp":"2026-06-28T11:15:40.023397Z","level":"info","event":"::endgroup::","task_id":"transform_data","run_id":"manual__2026-06-28T11:15:36.462673+00:00","map_index":-1,"try_number":1,"ti_id":"019f0df1-29aa-7200-989c-de456554e23e","dag_id":"ecommerce_etl_pipeline","logger":"task","filename":"task_runner.py","lineno":1727}
{"timestamp":"2026-06-28T11:15:40.028099Z","level":"info","event":"Shifted rows repaired: 4","logger":"task.stdout"}
{"timestamp":"2026-06-28T11:15:40.031070Z","level":"warning","event":"Parsing dates in %Y-%m-%d format when dayfirst=True was specified. Pass `dayfirst=False` or specify a format to silence this warning.","category":"UserWarning","filename":"/opt/airflow/dags/etl_e_2547245.py","lineno":163,"task_id":"transform_data","run_id":"manual__2026-06-28T11:15:36.462673+00:00","map_index":-1,"try_number":1,"ti_id":"019f0df1-29aa-7200-989c-de456554e23e","dag_id":"ecommerce_etl_pipeline","logger":"py.warnings"}
{"timestamp":"2026-06-28T11:15:40.031380Z","level":"warning","event":"Parsing dates in %Y-%m-%d format when dayfirst=True was specified. Pass `dayfirst=False` or specify a format to silence this warning.","category":"UserWarning","filename":"/opt/airflow/dags/etl_e_2547245.py","lineno":164,"task_id":"transform_data","run_id":"manual__2026-06-28T11:15:36.462673+00:00","map_index":-1,"try_number":1,"ti_id":"019f0df1-29aa-7200-989c-de456554e23e","dag_id":"ecommerce_etl_pipeline","logger":"py.warnings"}
{"timestamp":"2026-06-28T11:15:40.031632Z","level":"warning","event":"Parsing dates in %Y-%m-%d format when dayfirst=True was specified. Pass `dayfirst=False` or specify a format to silence this warning.","category":"UserWarning","filename":"/opt/airflow/dags/etl_e_2547245.py","lineno":165,"task_id":"transform_data","run_id":"manual__2026-06-28T11:15:36.462673+00:00","map_index":-1,"try_number":1,"ti_id":"019f0df1-29aa-7200-989c-de456554e23e","dag_id":"ecommerce_etl_pipeline","logger":"py.warnings"}
{"timestamp":"2026-06-28T11:15:40.032658Z","level":"info","event":"Cleaned rows: 22","logger":"task.stdout"}
{"timestamp":"2026-06-28T11:15:40.033684Z","level":"info","event":"Saved cleaned CSV to /opt/airflow/dags/cleaned_ecommerce.csv","logger":"task.stdout"}
{"timestamp":"2026-06-28T11:15:40.037798Z","level":"info","event":"Done. Returned value was: None","task_id":"transform_data","run_id":"manual__2026-06-28T11:15:36.462673+00:00","map_index":-1,"try_number":1,"ti_id":"019f0df1-29aa-7200-989c-de456554e23e","dag_id":"ecommerce_etl_pipeline","logger":"airflow.task.operators.airflow.providers.standard.operators.python.PythonOperator","filename":"python.py","lineno":233}
{"timestamp":"2026-06-28T11:15:40.037844Z","level":"info","event":"::group::Post Execute","task_id":"transform_data","run_id":"manual__2026-06-28T11:15:36.462673+00:00","map_index":-1,"try_number":1,"ti_id":"019f0df1-29aa-7200-989c-de456554e23e","dag_id":"ecommerce_etl_pipeline","logger":"task","filename":"task_runner.py","lineno":1288}
{"timestamp":"2026-06-28T11:15:40.042418Z","level":"info","event":"Task instance in success state","logger":"task.stdout"}
{"timestamp":"2026-06-28T11:15:40.042470Z","level":"info","event":" Previous state of the Task instance: TaskInstanceState.RUNNING","logger":"task.stdout"}
{"timestamp":"2026-06-28T11:15:40.042534Z","level":"info","event":"Task operator:<Task(PythonOperator): transform_data>","logger":"task.stdout"}
{"timestamp":"2026-06-28T11:15:40.042537Z","level":"info","event":"::endgroup::","task_id":"transform_data","run_id":"manual__2026-06-28T11:15:36.462673+00:00","map_index":-1,"try_number":1,"ti_id":"019f0df1-29aa-7200-989c-de456554e23e","dag_id":"ecommerce_etl_pipeline","logger":"task","filename":"task_runner.py","lineno":1896}
